<?xml version="1.0" encoding="UTF-8"?>
<testsuite xmlns:xsi="http://www.w3.org/2001/XMLSchema-instance" xsi:noNamespaceSchemaLocation="https://maven.apache.org/surefire/maven-surefire-plugin/xsd/surefire-test-report-3.0.xsd" version="3.0" name="br.com.reschoene.GreetingResourceTest" time="10.785" tests="1" errors="0" skipped="0" failures="0">
  <properties>
[...]
</properties>
  <testcase name="testHelloEndpoint" classname="br.com.reschoene.GreetingResourceTest" time="2.762">
    <system-out><![CDATA[2021-08-14 13:31:59,156 INFO  [io.quarkus] (main) Quarkus 2.1.2.Final on JVM started in 3.197s. Listening on: http://localhost:8081
2021-08-14 13:31:59,158 INFO  [io.quarkus] (main) Profile test activated. 
2021-08-14 13:31:59,158 INFO  [io.quarkus] (main) Installed features: [cdi, resteasy, smallrye-context-propagation]
]]></system-out>
  </testcase>
</testsuite>