<?xml version="1.0" encoding="UTF-8"?>
<testsuite xmlns:xsi="http://www.w3.org/2001/XMLSchema-instance" xsi:noNamespaceSchemaLocation="https://maven.apache.org/surefire/maven-surefire-plugin/xsd/surefire-test-report-3.0.xsd" version="3.0" name="br.com.reschoene.ProductResourceTest" time="9.715" tests="1" errors="0" skipped="0" failures="0">
  <properties>
[...]
</properties>
  <testcase name="getProductsEndpoint" classname="br.com.reschoene.ProductResourceTest" time="2.61">
    <system-out><![CDATA[2021-08-31 18:50:51,950 INFO  [io.quarkus] (main) Quarkus 2.1.2.Final on JVM started in 6.254s. Listening on: http://localhost:8081
2021-08-31 18:50:51,952 INFO  [io.quarkus] (main) Profile test activated. 
2021-08-31 18:50:51,952 INFO  [io.quarkus] (main) Installed features: [agroal, cdi, hibernate-orm, hibernate-orm-panache, jaeger, jdbc-postgresql, narayana-jta, resteasy, resteasy-jackson, smallrye-context-propagation, smallrye-opentracing]
]]></system-out>
  </testcase>
</testsuite>